<?xml version="1.0" encoding="UTF-8"?>
<!-- Generated by org.testng.reporters.JUnitReportReporter -->
<testsuite skipped="2" hostname="GLM-DV-L14"
	name="tests.functionalTests" tests="6" failures="0"
	timestamp="2020-01-29T10:41:53 EET" time="14.924" errors="0">
	<testcase name="makeSurePublicGistsAppearInPublicSearch"
		time="4.830" classname="tests.functionalTests" />
	<testcase name="createGistAndValidatePublicField" time="2.088"
		classname="tests.functionalTests" />
	<testcase name="createGistThenDeleteIt" time="3.763"
		classname="tests.functionalTests" />
	<testcase name="createGistAndValidateDescriptionField"
		time="4.243" classname="tests.functionalTests" />
	<testcase name="createdNewGistAndValidateGistCount"
		classname="tests.functionalTests">
		<skipped />
	</testcase> <!-- createdNewGistAndValidateGistCount -->
	<testcase name="getTheCountOfAllGists"
		classname="tests.functionalTests">
		<skipped />
	</testcase> <!-- getTheCountOfAllGists -->
</testsuite> <!-- tests.functionalTests -->
