<?xml version="1.0" encoding="UTF-8"?>
<!-- Generated by org.testng.reporters.JUnitReportReporter -->
<testsuite skipped="1" hostname="GLM-DV-L14"
	name="endPoints.createGist" tests="1" failures="0"
	timestamp="2020-01-26T10:07:22 EET" time="0.001" errors="0">
	<testcase name="createGist" time="0.001"
		classname="endPoints.createGist">
		<skipped />
	</testcase> <!-- createGist -->
</testsuite> <!-- endPoints.createGist -->
